[debug] [2026-05-02T12:51:24.731Z] ----------------------------------------------------------------------
[debug] [2026-05-02T12:51:24.733Z] Command:       C:\Program Files\nodejs\node.exe C:\Users\Artur\AppData\Roaming\npm\node_modules\firebase-tools\lib\bin\firebase.js deploy
[debug] [2026-05-02T12:51:24.734Z] CLI Version:   15.16.0
[debug] [2026-05-02T12:51:24.734Z] Platform:      win32
[debug] [2026-05-02T12:51:24.734Z] Node Version:  v25.2.0
[debug] [2026-05-02T12:51:24.734Z] Time:          Sat May 02 2026 14:51:24 GMT+0200 (czas środkowoeuropejski letni)
[debug] [2026-05-02T12:51:24.734Z] ----------------------------------------------------------------------
[debug] 
[debug] [2026-05-02T12:51:26.379Z] > command requires scopes: ["email","openid","https://www.googleapis.com/auth/cloudplatformprojects.readonly","https://www.googleapis.com/auth/firebase","https://www.googleapis.com/auth/cloud-platform"]
[debug] [2026-05-02T12:51:26.379Z] > authorizing via signed-in user (sobolewski.artur88@gmail.com)
[debug] [2026-05-02T12:51:26.379Z] [iam] checking project sobolewski-artur for permissions ["firebase.projects.get","firebasehosting.sites.update"]
[debug] [2026-05-02T12:51:26.380Z] Checked if tokens are valid: true, expires at: 1777729635528
[debug] [2026-05-02T12:51:26.380Z] Checked if tokens are valid: true, expires at: 1777729635528
[debug] [2026-05-02T12:51:26.381Z] >>> [apiv2][query] POST https://cloudresourcemanager.googleapis.com/v1/projects/sobolewski-artur:testIamPermissions [none]
[debug] [2026-05-02T12:51:26.381Z] >>> [apiv2][(partial)header] POST https://cloudresourcemanager.googleapis.com/v1/projects/sobolewski-artur:testIamPermissions  x-goog-user-project=sobolewski-artur
[debug] [2026-05-02T12:51:26.381Z] >>> [apiv2][body] POST https://cloudresourcemanager.googleapis.com/v1/projects/sobolewski-artur:testIamPermissions {"permissions":["firebase.projects.get","firebasehosting.sites.update"]}
[debug] [2026-05-02T12:51:29.296Z] <<< [apiv2][status] POST https://cloudresourcemanager.googleapis.com/v1/projects/sobolewski-artur:testIamPermissions 200
[debug] [2026-05-02T12:51:29.296Z] <<< [apiv2][body] POST https://cloudresourcemanager.googleapis.com/v1/projects/sobolewski-artur:testIamPermissions {"permissions":["firebase.projects.get","firebasehosting.sites.update"]}
[debug] [2026-05-02T12:51:29.297Z] Checked if tokens are valid: true, expires at: 1777729635528
[debug] [2026-05-02T12:51:29.297Z] Checked if tokens are valid: true, expires at: 1777729635528
[debug] [2026-05-02T12:51:29.297Z] >>> [apiv2][query] GET https://firebase.googleapis.com/v1beta1/projects/sobolewski-artur [none]
[debug] [2026-05-02T12:51:31.011Z] <<< [apiv2][status] GET https://firebase.googleapis.com/v1beta1/projects/sobolewski-artur 200
[debug] [2026-05-02T12:51:31.011Z] <<< [apiv2][body] GET https://firebase.googleapis.com/v1beta1/projects/sobolewski-artur {"projectId":"sobolewski-artur","projectNumber":"387800465244","displayName":"Sobolewski-artur","name":"projects/sobolewski-artur","resources":{"hostingSite":"sobolewski-artur"},"state":"ACTIVE","etag":"1_daf4687f-a5d6-49f1-a38e-d8110f71b56d"}
[info] 
[info] === Deploying to 'sobolewski-artur'...
[info] 
[info] i  deploying hosting 
[debug] [2026-05-02T12:51:31.014Z] Checked if tokens are valid: true, expires at: 1777729635528
[debug] [2026-05-02T12:51:31.015Z] Checked if tokens are valid: true, expires at: 1777729635528
[debug] [2026-05-02T12:51:31.015Z] >>> [apiv2][query] GET https://firebasehosting.googleapis.com/v1beta1/projects/sobolewski-artur/sites/sobolewski-artur [none]
